parsing
#each
#match 0*t=0
|-0*t=0

#use L_parts\1);0*0=0
#match 0*0=0
|-0*0=0
0*0=0
#use L_parts\2);0*t=0->0*t'=0
#deduct 1
#match 0*t=0->0*t'=0
0*t=0|- 0*t'=0
(0*t)+0 = 0*t
0*t = 0
#use ..\c)t=r?r=s?t=s; ((0*t)+0 = 0*t) -> (0*t = 0) -> ((0*t)+0 = 0)
#match t=r->r=s->t=s
#each
|-t=r->r=s->t=s
r=t->r=s->t=s
#use b)t=r?r=t; t=r->r=t
#match t=r->r=t
#each
|-t=r->r=t
t=r->t=t->r=t
#use A?B?C_TO_B?A?C; t=t->t=r->r=t
#deduct 2
#match B->A->C
A->B->C, B, A|-C
A->B->C
A
B->C
B
C
#use a)t=t; t=t
#match t=t
#each
|-t=t
t+0=t
(t+0=t)->(t+0=t)->(t=t)
(t+0=t)->(t=t)
t=t
t=r->r=t
#use A?B_AND_B?C_TO_A?C; t=r->r=s->t=s; B to r=t
#match A->C
B->C, A->B|- A->C
B->C
A->B
(B->C)->A->(B->C)
(A->B->C)
(A->B)->(A->B->C)->(A->C)
(A->B->C)->(A->C)
A->C
(0*t = 0) -> ((0*t)+0 = 0)
(0*t)+0 = 0

0*t' = (0*t)+0

#use ..\c)t=r?r=s?t=s; (0*t'=(0*t)+0) -> ((0*t)+0=0) -> (0*t' = 0)
((0*t)+0=0) -> (0*t' = 0)
(0*t' = 0)
#use INDUCTION_A0_AND_Ax?Ax'_TO?Ax; (0*0=0)&@t(0*t=0->0*t'=0)->0*t=0
#match A0&@x(A1->A2)->A1
##This doesn't really check for replacements, so it shouldn't work as standalone proof,
##But may be used as part of other proofs
A0, A1->A2|-A1
A0
A1->A2

#use A_TO_EACH_x_A; @x(A1->A2)
#match @xA
A|-@xA
(0+0=0)
A->(0+0=0)->A
A
(0+0=0)->A
(0+0=0)->@xA
@xA
A0 -> @x(A1->A2) -> A0&@x(A1->A2)
@x(A1->A2) -> A0 & @x(A1->A2)
A0 & @x(A1->A2)

A0 & @x(A1->A2) -> A1
A1
Checked till line:0
Checked till line:1
Checked till line:2
Checked till line:3
Checked till line:4
Checked till line:0
Checked till line:1
Checked till line:2
Checked till line:3
Checked till line:4
Checked till line:5
Checked till line:6
Checked till line:7
Checked till line:8
Checked till line:9
Checked till line:10
Checked till line:11
Checked till line:12
Checked till line:13
Checked till line:14
Checked till line:15
Checked till line:16
Checked till line:0
Checked till line:1
Checked till line:2
Checked till line:3
Checked till line:4
Checked till line:5
Checked till line:6
Checked till line:7
Checked till line:8
Checked till line:9
Checked till line:10
Checked till line:11
Checked till line:12
Checked till line:13
Checked till line:14
Checked till line:15
Checked till line:16
Checked till line:17
Checked till line:18
Checked till line:19
Checked till line:20
Checked till line:21
Checked till line:22
Checked till line:23
Checked till line:24
checking
Checked till line:0
Checked till line:1
Checked till line:2
Checked till line:3
Checked till line:4
Checked till line:5
Checked till line:6
Checked till line:7
Checked till line:8
Checked till line:9
Checked till line:10
Checked till line:11
Checked till line:12
Checked till line:13
Checked till line:14
Checked till line:15
Checked till line:16
Checked till line:17
Checked till line:18
Checked till line:19
Checked till line:20
Checked till line:21
Checked till line:22
Checked till line:23
Checked till line:24
Checked till line:25
Checked till line:26
Checked till line:27
Checked till line:28
Checked till line:29
Checked till line:30
Checked till line:31
Checked till line:32
Checked till line:33
Checked till line:34
Checked till line:35
Checked till line:36
Checked till line:37
Checked till line:38
Checked till line:39
Checked till line:40
Checked till line:41
Checked till line:42
Checked till line:43
Checked till line:44
Checked till line:45
Checked till line:46
Checked till line:47
Checked till line:48
Checked till line:49
Checked till line:50
Checked till line:51
Checked till line:52
Checked till line:53
Checked till line:54
Checked till line:55
Checked till line:56
Checked till line:57
Checked till line:58
Checked till line:59
Checked till line:60
Checked till line:61
Checked till line:62
Checked till line:63
Checked till line:64
Checked till line:65
Checked till line:66
Checked till line:67
Checked till line:68
Checked till line:69
Checked till line:70
Checked till line:71
Checked till line:72
Checked till line:73
Checked till line:74
Checked till line:75
Checked till line:76
Checked till line:77
Checked till line:78
Checked till line:79
Checked till line:80
Checked till line:81
Checked till line:82
Checked till line:83
Checked till line:84
Checked till line:85
Checked till line:86
Checked till line:87
Checked till line:88
Checked till line:89
Checked till line:90
Checked till line:91
Checked till line:92
Checked till line:93
Checked till line:94
Checked till line:95
Checked till line:96
Checked till line:97
Checked till line:98
Checked till line:99
Checked till line:100
Checked till line:101
Checked till line:102
Checked till line:103
Checked till line:104
Checked till line:105
Checked till line:106
Checked till line:107
Checked till line:108
Checked till line:109
Checked till line:110
Checked till line:111
Checked till line:112
Checked till line:113
Checked till line:114
Checked till line:115
Checked till line:116
Checked till line:117
Checked till line:118
Checked till line:119
Checked till line:120
Checked till line:121
Checked till line:122
Checked till line:123
Checked till line:124
Checked till line:125
Checked till line:126
Checked till line:127
Checked till line:128
Checked till line:129
Checked till line:130
Checked till line:131
Checked till line:132
Checked till line:133
Checked till line:134
Checked till line:135
Checked till line:136
Checked till line:137
Checked till line:138
Checked till line:139
Checked till line:140
Checked till line:141
Checked till line:142
Checked till line:143
Checked till line:144
Checked till line:145
Checked till line:146
Checked till line:147
Checked till line:148
Checked till line:149
Checked till line:150
Checked till line:151
Checked till line:152
Checked till line:153
Checked till line:154
Checked till line:155
Checked till line:156
Checked till line:157
Checked till line:158
Checked till line:159
Checked till line:160
Checked till line:161
Checked till line:162
Checked till line:163
Checked till line:164
Checked till line:165
Checked till line:166
Checked till line:167
Checked till line:168
Checked till line:169
Checked till line:170
Checked till line:171
Checked till line:172
Checked till line:173
Checked till line:174
Checked till line:175
Checked till line:176
Checked till line:177
Checked till line:178
Checked till line:179
Checked till line:180
Checked till line:181
Checked till line:182
Checked till line:183
Checked till line:184
Checked till line:185
Checked till line:186
Checked till line:187
Checked till line:188
Checked till line:189
Checked till line:190
Checked till line:191
Checked till line:192
Checked till line:193
Checked till line:194
Checked till line:195
Checked till line:196
true
197
Checked till line:0
Checked till line:1
Checked till line:2
Checked till line:3
Checked till line:4
Checked till line:5
Checked till line:6
Checked till line:7
Checked till line:8
Checked till line:9
Checked till line:10
Checked till line:11
Checked till line:12
Checked till line:13
Checked till line:14
Checked till line:15
Checked till line:16
Checked till line:17
Checked till line:18
Checked till line:19
Checked till line:20
Checked till line:21
Checked till line:22
Checked till line:23
Checked till line:24
Checked till line:25
Checked till line:26
Checked till line:27
Checked till line:28
Checked till line:29
Checked till line:30
Checked till line:31
Checked till line:32
Checked till line:33
Checked till line:34
Checked till line:35
Checked till line:36
Checked till line:37
Checked till line:38
Checked till line:39
Checked till line:40
Checked till line:41
Checked till line:42
Checked till line:43
Checked till line:44
Checked till line:45
Checked till line:46
Checked till line:47
Checked till line:48
Checked till line:49
Checked till line:50
Checked till line:51
Checked till line:52
Checked till line:53
Checked till line:54
Checked till line:55
Checked till line:56
Checked till line:57
Checked till line:58
Checked till line:59
Checked till line:60
Checked till line:61
Checked till line:62
Checked till line:63
Checked till line:64
Checked till line:65
Checked till line:66
Checked till line:67
Checked till line:68
Checked till line:69
Checked till line:70
Checked till line:71
Checked till line:72
Checked till line:73
Checked till line:74
Checked till line:75
Checked till line:76
Checked till line:77
Checked till line:78
Checked till line:79
Checked till line:80
Checked till line:81
Checked till line:82
Checked till line:83
Checked till line:84
Checked till line:85
Checked till line:86
Checked till line:87
Checked till line:88
Checked till line:89
Checked till line:90
Checked till line:91
Checked till line:92
Checked till line:93
Checked till line:94
Checked till line:95
Checked till line:96
Checked till line:97
Checked till line:98
Checked till line:99
Checked till line:100
Checked till line:101
Checked till line:102
Checked till line:103
Checked till line:104
Checked till line:105
Checked till line:106
Checked till line:107
Checked till line:108
Checked till line:109
Checked till line:110
Checked till line:111
Checked till line:112
Checked till line:113
Checked till line:114
Checked till line:115
Checked till line:116
Checked till line:117
Checked till line:118
Checked till line:119
Checked till line:120
Checked till line:121
Checked till line:122
Checked till line:123
Checked till line:124
Checked till line:125
Checked till line:126
Checked till line:127
Checked till line:128
Checked till line:129
Checked till line:130
Checked till line:131
Checked till line:132
Checked till line:133
Checked till line:134
Checked till line:135
Checked till line:136
Checked till line:137
Checked till line:138
Checked till line:139
Checked till line:140
Checked till line:141
Checked till line:142
Checked till line:143
Checked till line:144
Checked till line:145
Checked till line:146
Checked till line:147
Checked till line:148
Checked till line:149
Checked till line:150
Checked till line:151
Checked till line:152
Checked till line:153
Checked till line:154
Checked till line:155
Checked till line:156
Checked till line:157
Checked till line:158
Checked till line:159
Checked till line:160
Checked till line:161
Checked till line:162
Checked till line:163
Checked till line:164
Checked till line:165
Checked till line:166
Checked till line:167
Checked till line:168
Checked till line:169
Checked till line:170
Checked till line:171
Checked till line:172
Checked till line:173
Checked till line:174
Checked till line:175
Checked till line:176
Checked till line:177
Checked till line:178
Checked till line:179
Checked till line:180
Checked till line:181
Checked till line:182
Checked till line:183
Checked till line:184
Checked till line:185
Checked till line:186
Checked till line:187
Checked till line:188
Checked till line:189
Checked till line:190
Checked till line:191
Checked till line:192
Checked till line:193
Checked till line:194
Checked till line:195
Checked till line:196
((t1950524480+0)=t1950524480)
(((t1950524480+0)=t1950524480)->(((t1950524480+0)=t1950524480)->(t1950524480=t1950524480)))
(((t1950524480+0)=t1950524480)->(t1950524480=t1950524480))
(t1950524480=t1950524480)
((t1950524480=t1950524480)->(((0+0)=0)->(t1950524480=t1950524480)))
(((0+0)=0)->(t1950524480=t1950524480))
(((0+0)=0)->(@t1950524480((t1950524480=t1950524480))))
((0+0)=0)
(@t1950524480((t1950524480=t1950524480)))
((t1282447402=r1282447402)->((t1282447402=t1282447402)->(r1282447402=t1282447402)))
((t1282447402=r1282447402)->((t1282447402=t1282447402)->(r1282447402=t1282447402)))
(((t1282447402=r1282447402)->((t1282447402=t1282447402)->(r1282447402=t1282447402)))->((t1282447402=t1282447402)->((t1282447402=r1282447402)->((t1282447402=t1282447402)->(r1282447402=t1282447402)))))
((t1282447402=t1282447402)->((t1282447402=r1282447402)->((t1282447402=t1282447402)->(r1282447402=t1282447402))))
(((t1282447402=r1282447402)->((t1282447402=t1282447402)->(r1282447402=t1282447402)))->((t1282447402=r1282447402)->((t1282447402=r1282447402)->((t1282447402=t1282447402)->(r1282447402=t1282447402)))))
((((t1282447402=r1282447402)->((t1282447402=t1282447402)->(r1282447402=t1282447402)))->((t1282447402=r1282447402)->((t1282447402=r1282447402)->((t1282447402=t1282447402)->(r1282447402=t1282447402)))))->((t1282447402=t1282447402)->(((t1282447402=r1282447402)->((t1282447402=t1282447402)->(r1282447402=t1282447402)))->((t1282447402=r1282447402)->((t1282447402=r1282447402)->((t1282447402=t1282447402)->(r1282447402=t1282447402)))))))
((t1282447402=t1282447402)->(((t1282447402=r1282447402)->((t1282447402=t1282447402)->(r1282447402=t1282447402)))->((t1282447402=r1282447402)->((t1282447402=r1282447402)->((t1282447402=t1282447402)->(r1282447402=t1282447402))))))
(((t1282447402=t1282447402)->((t1282447402=r1282447402)->((t1282447402=t1282447402)->(r1282447402=t1282447402))))->(((t1282447402=t1282447402)->(((t1282447402=r1282447402)->((t1282447402=t1282447402)->(r1282447402=t1282447402)))->((t1282447402=r1282447402)->((t1282447402=r1282447402)->((t1282447402=t1282447402)->(r1282447402=t1282447402))))))->((t1282447402=t1282447402)->((t1282447402=r1282447402)->((t1282447402=r1282447402)->((t1282447402=t1282447402)->(r1282447402=t1282447402)))))))
(((t1282447402=t1282447402)->(((t1282447402=r1282447402)->((t1282447402=t1282447402)->(r1282447402=t1282447402)))->((t1282447402=r1282447402)->((t1282447402=r1282447402)->((t1282447402=t1282447402)->(r1282447402=t1282447402))))))->((t1282447402=t1282447402)->((t1282447402=r1282447402)->((t1282447402=r1282447402)->((t1282447402=t1282447402)->(r1282447402=t1282447402))))))
((t1282447402=t1282447402)->((t1282447402=r1282447402)->((t1282447402=r1282447402)->((t1282447402=t1282447402)->(r1282447402=t1282447402)))))
((t1282447402=r1282447402)->((t1282447402=r1282447402)->(t1282447402=r1282447402)))
(((t1282447402=r1282447402)->((t1282447402=r1282447402)->(t1282447402=r1282447402)))->((t1282447402=t1282447402)->((t1282447402=r1282447402)->((t1282447402=r1282447402)->(t1282447402=r1282447402)))))
((t1282447402=t1282447402)->((t1282447402=r1282447402)->((t1282447402=r1282447402)->(t1282447402=r1282447402))))
(((t1282447402=r1282447402)->((t1282447402=r1282447402)->(t1282447402=r1282447402)))->(((t1282447402=r1282447402)->(((t1282447402=r1282447402)->(t1282447402=r1282447402))->(t1282447402=r1282447402)))->((t1282447402=r1282447402)->(t1282447402=r1282447402))))
((((t1282447402=r1282447402)->((t1282447402=r1282447402)->(t1282447402=r1282447402)))->(((t1282447402=r1282447402)->(((t1282447402=r1282447402)->(t1282447402=r1282447402))->(t1282447402=r1282447402)))->((t1282447402=r1282447402)->(t1282447402=r1282447402))))->((t1282447402=t1282447402)->(((t1282447402=r1282447402)->((t1282447402=r1282447402)->(t1282447402=r1282447402)))->(((t1282447402=r1282447402)->(((t1282447402=r1282447402)->(t1282447402=r1282447402))->(t1282447402=r1282447402)))->((t1282447402=r1282447402)->(t1282447402=r1282447402))))))
((t1282447402=t1282447402)->(((t1282447402=r1282447402)->((t1282447402=r1282447402)->(t1282447402=r1282447402)))->(((t1282447402=r1282447402)->(((t1282447402=r1282447402)->(t1282447402=r1282447402))->(t1282447402=r1282447402)))->((t1282447402=r1282447402)->(t1282447402=r1282447402)))))
(((t1282447402=t1282447402)->((t1282447402=r1282447402)->((t1282447402=r1282447402)->(t1282447402=r1282447402))))->(((t1282447402=t1282447402)->(((t1282447402=r1282447402)->((t1282447402=r1282447402)->(t1282447402=r1282447402)))->(((t1282447402=r1282447402)->(((t1282447402=r1282447402)->(t1282447402=r1282447402))->(t1282447402=r1282447402)))->((t1282447402=r1282447402)->(t1282447402=r1282447402)))))->((t1282447402=t1282447402)->(((t1282447402=r1282447402)->(((t1282447402=r1282447402)->(t1282447402=r1282447402))->(t1282447402=r1282447402)))->((t1282447402=r1282447402)->(t1282447402=r1282447402))))))
(((t1282447402=t1282447402)->(((t1282447402=r1282447402)->((t1282447402=r1282447402)->(t1282447402=r1282447402)))->(((t1282447402=r1282447402)->(((t1282447402=r1282447402)->(t1282447402=r1282447402))->(t1282447402=r1282447402)))->((t1282447402=r1282447402)->(t1282447402=r1282447402)))))->((t1282447402=t1282447402)->(((t1282447402=r1282447402)->(((t1282447402=r1282447402)->(t1282447402=r1282447402))->(t1282447402=r1282447402)))->((t1282447402=r1282447402)->(t1282447402=r1282447402)))))
((t1282447402=t1282447402)->(((t1282447402=r1282447402)->(((t1282447402=r1282447402)->(t1282447402=r1282447402))->(t1282447402=r1282447402)))->((t1282447402=r1282447402)->(t1282447402=r1282447402))))
((t1282447402=r1282447402)->(((t1282447402=r1282447402)->(t1282447402=r1282447402))->(t1282447402=r1282447402)))
(((t1282447402=r1282447402)->(((t1282447402=r1282447402)->(t1282447402=r1282447402))->(t1282447402=r1282447402)))->((t1282447402=t1282447402)->((t1282447402=r1282447402)->(((t1282447402=r1282447402)->(t1282447402=r1282447402))->(t1282447402=r1282447402)))))
((t1282447402=t1282447402)->((t1282447402=r1282447402)->(((t1282447402=r1282447402)->(t1282447402=r1282447402))->(t1282447402=r1282447402))))
(((t1282447402=t1282447402)->((t1282447402=r1282447402)->(((t1282447402=r1282447402)->(t1282447402=r1282447402))->(t1282447402=r1282447402))))->(((t1282447402=t1282447402)->(((t1282447402=r1282447402)->(((t1282447402=r1282447402)->(t1282447402=r1282447402))->(t1282447402=r1282447402)))->((t1282447402=r1282447402)->(t1282447402=r1282447402))))->((t1282447402=t1282447402)->((t1282447402=r1282447402)->(t1282447402=r1282447402)))))
(((t1282447402=t1282447402)->(((t1282447402=r1282447402)->(((t1282447402=r1282447402)->(t1282447402=r1282447402))->(t1282447402=r1282447402)))->((t1282447402=r1282447402)->(t1282447402=r1282447402))))->((t1282447402=t1282447402)->((t1282447402=r1282447402)->(t1282447402=r1282447402))))
((t1282447402=t1282447402)->((t1282447402=r1282447402)->(t1282447402=r1282447402)))
(((t1282447402=r1282447402)->(t1282447402=r1282447402))->(((t1282447402=r1282447402)->((t1282447402=r1282447402)->((t1282447402=t1282447402)->(r1282447402=t1282447402))))->((t1282447402=r1282447402)->((t1282447402=t1282447402)->(r1282447402=t1282447402)))))
((((t1282447402=r1282447402)->(t1282447402=r1282447402))->(((t1282447402=r1282447402)->((t1282447402=r1282447402)->((t1282447402=t1282447402)->(r1282447402=t1282447402))))->((t1282447402=r1282447402)->((t1282447402=t1282447402)->(r1282447402=t1282447402)))))->((t1282447402=t1282447402)->(((t1282447402=r1282447402)->(t1282447402=r1282447402))->(((t1282447402=r1282447402)->((t1282447402=r1282447402)->((t1282447402=t1282447402)->(r1282447402=t1282447402))))->((t1282447402=r1282447402)->((t1282447402=t1282447402)->(r1282447402=t1282447402)))))))
((t1282447402=t1282447402)->(((t1282447402=r1282447402)->(t1282447402=r1282447402))->(((t1282447402=r1282447402)->((t1282447402=r1282447402)->((t1282447402=t1282447402)->(r1282447402=t1282447402))))->((t1282447402=r1282447402)->((t1282447402=t1282447402)->(r1282447402=t1282447402))))))
(((t1282447402=t1282447402)->((t1282447402=r1282447402)->(t1282447402=r1282447402)))->(((t1282447402=t1282447402)->(((t1282447402=r1282447402)->(t1282447402=r1282447402))->(((t1282447402=r1282447402)->((t1282447402=r1282447402)->((t1282447402=t1282447402)->(r1282447402=t1282447402))))->((t1282447402=r1282447402)->((t1282447402=t1282447402)->(r1282447402=t1282447402))))))->((t1282447402=t1282447402)->(((t1282447402=r1282447402)->((t1282447402=r1282447402)->((t1282447402=t1282447402)->(r1282447402=t1282447402))))->((t1282447402=r1282447402)->((t1282447402=t1282447402)->(r1282447402=t1282447402)))))))
(((t1282447402=t1282447402)->(((t1282447402=r1282447402)->(t1282447402=r1282447402))->(((t1282447402=r1282447402)->((t1282447402=r1282447402)->((t1282447402=t1282447402)->(r1282447402=t1282447402))))->((t1282447402=r1282447402)->((t1282447402=t1282447402)->(r1282447402=t1282447402))))))->((t1282447402=t1282447402)->(((t1282447402=r1282447402)->((t1282447402=r1282447402)->((t1282447402=t1282447402)->(r1282447402=t1282447402))))->((t1282447402=r1282447402)->((t1282447402=t1282447402)->(r1282447402=t1282447402))))))
((t1282447402=t1282447402)->(((t1282447402=r1282447402)->((t1282447402=r1282447402)->((t1282447402=t1282447402)->(r1282447402=t1282447402))))->((t1282447402=r1282447402)->((t1282447402=t1282447402)->(r1282447402=t1282447402)))))
((t1282447402=r1282447402)->((t1282447402=t1282447402)->(r1282447402=t1282447402)))
(((t1282447402=r1282447402)->((t1282447402=t1282447402)->(r1282447402=t1282447402)))->((t1282447402=t1282447402)->((t1282447402=r1282447402)->((t1282447402=t1282447402)->(r1282447402=t1282447402)))))
((t1282447402=t1282447402)->((t1282447402=r1282447402)->((t1282447402=t1282447402)->(r1282447402=t1282447402))))
((t1282447402=t1282447402)->((t1282447402=t1282447402)->(t1282447402=t1282447402)))
(((t1282447402=t1282447402)->((t1282447402=t1282447402)->(t1282447402=t1282447402)))->(((t1282447402=t1282447402)->(((t1282447402=t1282447402)->(t1282447402=t1282447402))->(t1282447402=t1282447402)))->((t1282447402=t1282447402)->(t1282447402=t1282447402))))
(((t1282447402=t1282447402)->(((t1282447402=t1282447402)->(t1282447402=t1282447402))->(t1282447402=t1282447402)))->((t1282447402=t1282447402)->(t1282447402=t1282447402)))
((t1282447402=t1282447402)->(((t1282447402=t1282447402)->(t1282447402=t1282447402))->(t1282447402=t1282447402)))
((t1282447402=t1282447402)->(t1282447402=t1282447402))
((t1282447402=t1282447402)->((t1282447402=r1282447402)->(t1282447402=t1282447402)))
(((t1282447402=t1282447402)->((t1282447402=r1282447402)->(t1282447402=t1282447402)))->((t1282447402=t1282447402)->((t1282447402=t1282447402)->((t1282447402=r1282447402)->(t1282447402=t1282447402)))))
((t1282447402=t1282447402)->((t1282447402=t1282447402)->((t1282447402=r1282447402)->(t1282447402=t1282447402))))
(((t1282447402=t1282447402)->(t1282447402=t1282447402))->(((t1282447402=t1282447402)->((t1282447402=t1282447402)->((t1282447402=r1282447402)->(t1282447402=t1282447402))))->((t1282447402=t1282447402)->((t1282447402=r1282447402)->(t1282447402=t1282447402)))))
(((t1282447402=t1282447402)->((t1282447402=t1282447402)->((t1282447402=r1282447402)->(t1282447402=t1282447402))))->((t1282447402=t1282447402)->((t1282447402=r1282447402)->(t1282447402=t1282447402))))
((t1282447402=t1282447402)->((t1282447402=r1282447402)->(t1282447402=t1282447402)))
(((t1282447402=r1282447402)->(t1282447402=t1282447402))->(((t1282447402=r1282447402)->((t1282447402=t1282447402)->(r1282447402=t1282447402)))->((t1282447402=r1282447402)->(r1282447402=t1282447402))))
((((t1282447402=r1282447402)->(t1282447402=t1282447402))->(((t1282447402=r1282447402)->((t1282447402=t1282447402)->(r1282447402=t1282447402)))->((t1282447402=r1282447402)->(r1282447402=t1282447402))))->((t1282447402=t1282447402)->(((t1282447402=r1282447402)->(t1282447402=t1282447402))->(((t1282447402=r1282447402)->((t1282447402=t1282447402)->(r1282447402=t1282447402)))->((t1282447402=r1282447402)->(r1282447402=t1282447402))))))
((t1282447402=t1282447402)->(((t1282447402=r1282447402)->(t1282447402=t1282447402))->(((t1282447402=r1282447402)->((t1282447402=t1282447402)->(r1282447402=t1282447402)))->((t1282447402=r1282447402)->(r1282447402=t1282447402)))))
(((t1282447402=t1282447402)->((t1282447402=r1282447402)->(t1282447402=t1282447402)))->(((t1282447402=t1282447402)->(((t1282447402=r1282447402)->(t1282447402=t1282447402))->(((t1282447402=r1282447402)->((t1282447402=t1282447402)->(r1282447402=t1282447402)))->((t1282447402=r1282447402)->(r1282447402=t1282447402)))))->((t1282447402=t1282447402)->(((t1282447402=r1282447402)->((t1282447402=t1282447402)->(r1282447402=t1282447402)))->((t1282447402=r1282447402)->(r1282447402=t1282447402))))))
(((t1282447402=t1282447402)->(((t1282447402=r1282447402)->(t1282447402=t1282447402))->(((t1282447402=r1282447402)->((t1282447402=t1282447402)->(r1282447402=t1282447402)))->((t1282447402=r1282447402)->(r1282447402=t1282447402)))))->((t1282447402=t1282447402)->(((t1282447402=r1282447402)->((t1282447402=t1282447402)->(r1282447402=t1282447402)))->((t1282447402=r1282447402)->(r1282447402=t1282447402)))))
((t1282447402=t1282447402)->(((t1282447402=r1282447402)->((t1282447402=t1282447402)->(r1282447402=t1282447402)))->((t1282447402=r1282447402)->(r1282447402=t1282447402))))
(((t1282447402=t1282447402)->((t1282447402=r1282447402)->((t1282447402=t1282447402)->(r1282447402=t1282447402))))->(((t1282447402=t1282447402)->(((t1282447402=r1282447402)->((t1282447402=t1282447402)->(r1282447402=t1282447402)))->((t1282447402=r1282447402)->(r1282447402=t1282447402))))->((t1282447402=t1282447402)->((t1282447402=r1282447402)->(r1282447402=t1282447402)))))
(((t1282447402=t1282447402)->(((t1282447402=r1282447402)->((t1282447402=t1282447402)->(r1282447402=t1282447402)))->((t1282447402=r1282447402)->(r1282447402=t1282447402))))->((t1282447402=t1282447402)->((t1282447402=r1282447402)->(r1282447402=t1282447402))))
((t1282447402=t1282447402)->((t1282447402=r1282447402)->(r1282447402=t1282447402)))
(@t1950524480((t1950524480=t1950524480)))
((@t1950524480((t1950524480=t1950524480)))->(t1282447402=t1282447402))
(t1282447402=t1282447402)
((t1282447402=r1282447402)->(r1282447402=t1282447402))
(((t1282447402=r1282447402)->(r1282447402=t1282447402))->(((0+0)=0)->((t1282447402=r1282447402)->(r1282447402=t1282447402))))
(((0+0)=0)->((t1282447402=r1282447402)->(r1282447402=t1282447402)))
(((0+0)=0)->(@t1282447402(((t1282447402=r1282447402)->(r1282447402=t1282447402)))))
((0+0)=0)
(@t1282447402(((t1282447402=r1282447402)->(r1282447402=t1282447402))))
((@t1282447402(((t1282447402=r1282447402)->(r1282447402=t1282447402))))->(((0+0)=0)->(@t1282447402(((t1282447402=r1282447402)->(r1282447402=t1282447402))))))
(((0+0)=0)->(@t1282447402(((t1282447402=r1282447402)->(r1282447402=t1282447402)))))
(((0+0)=0)->(@r1282447402((@t1282447402(((t1282447402=r1282447402)->(r1282447402=t1282447402)))))))
((0+0)=0)
(@r1282447402((@t1282447402(((t1282447402=r1282447402)->(r1282447402=t1282447402))))))
((r1795468206=t1795468206)->((r1795468206=s1795468206)->(t1795468206=s1795468206)))
(@r1282447402((@t1282447402(((t1282447402=r1282447402)->(r1282447402=t1282447402))))))
((@r1282447402((@t1282447402(((t1282447402=r1282447402)->(r1282447402=t1282447402))))))->(@t1282447402(((t1282447402=r1795468206)->(r1795468206=t1282447402)))))
(@t1282447402(((t1282447402=r1795468206)->(r1795468206=t1282447402))))
(@t1282447402(((t1282447402=r1795468206)->(r1795468206=t1282447402))))
((@t1282447402(((t1282447402=r1795468206)->(r1795468206=t1282447402))))->((t1795468206=r1795468206)->(r1795468206=t1795468206)))
((t1795468206=r1795468206)->(r1795468206=t1795468206))
((r1795468206=t1795468206)->((r1795468206=s1795468206)->(t1795468206=s1795468206)))
((t1795468206=r1795468206)->(r1795468206=t1795468206))
(((r1795468206=t1795468206)->((r1795468206=s1795468206)->(t1795468206=s1795468206)))->((t1795468206=r1795468206)->((r1795468206=t1795468206)->((r1795468206=s1795468206)->(t1795468206=s1795468206)))))
((t1795468206=r1795468206)->((r1795468206=t1795468206)->((r1795468206=s1795468206)->(t1795468206=s1795468206))))
(((t1795468206=r1795468206)->(r1795468206=t1795468206))->(((t1795468206=r1795468206)->((r1795468206=t1795468206)->((r1795468206=s1795468206)->(t1795468206=s1795468206))))->((t1795468206=r1795468206)->((r1795468206=s1795468206)->(t1795468206=s1795468206)))))
(((t1795468206=r1795468206)->((r1795468206=t1795468206)->((r1795468206=s1795468206)->(t1795468206=s1795468206))))->((t1795468206=r1795468206)->((r1795468206=s1795468206)->(t1795468206=s1795468206))))
((t1795468206=r1795468206)->((r1795468206=s1795468206)->(t1795468206=s1795468206)))
(((t1795468206=r1795468206)->((r1795468206=s1795468206)->(t1795468206=s1795468206)))->(((0+0)=0)->((t1795468206=r1795468206)->((r1795468206=s1795468206)->(t1795468206=s1795468206)))))
(((0+0)=0)->((t1795468206=r1795468206)->((r1795468206=s1795468206)->(t1795468206=s1795468206))))
(((0+0)=0)->(@s1795468206(((t1795468206=r1795468206)->((r1795468206=s1795468206)->(t1795468206=s1795468206))))))
((0+0)=0)
(@s1795468206(((t1795468206=r1795468206)->((r1795468206=s1795468206)->(t1795468206=s1795468206)))))
((@s1795468206(((t1795468206=r1795468206)->((r1795468206=s1795468206)->(t1795468206=s1795468206)))))->(((0+0)=0)->(@s1795468206(((t1795468206=r1795468206)->((r1795468206=s1795468206)->(t1795468206=s1795468206)))))))
(((0+0)=0)->(@s1795468206(((t1795468206=r1795468206)->((r1795468206=s1795468206)->(t1795468206=s1795468206))))))
(((0+0)=0)->(@r1795468206((@s1795468206(((t1795468206=r1795468206)->((r1795468206=s1795468206)->(t1795468206=s1795468206))))))))
((0+0)=0)
(@r1795468206((@s1795468206(((t1795468206=r1795468206)->((r1795468206=s1795468206)->(t1795468206=s1795468206)))))))
((@r1795468206((@s1795468206(((t1795468206=r1795468206)->((r1795468206=s1795468206)->(t1795468206=s1795468206)))))))->(((0+0)=0)->(@r1795468206((@s1795468206(((t1795468206=r1795468206)->((r1795468206=s1795468206)->(t1795468206=s1795468206)))))))))
(((0+0)=0)->(@r1795468206((@s1795468206(((t1795468206=r1795468206)->((r1795468206=s1795468206)->(t1795468206=s1795468206))))))))
(((0+0)=0)->(@t1795468206((@r1795468206((@s1795468206(((t1795468206=r1795468206)->((r1795468206=s1795468206)->(t1795468206=s1795468206))))))))))
((0+0)=0)
(@t1795468206((@r1795468206((@s1795468206(((t1795468206=r1795468206)->((r1795468206=s1795468206)->(t1795468206=s1795468206)))))))))
((0*0)=0)
(((0*t)+0)=(0*t))
((((0*t)+0)=(0*t))->(((0*t)=0)->(((0*t)+0)=(0*t))))
(((0*t)=0)->(((0*t)+0)=(0*t)))
(((0*t)=0)->(((0*t)=0)->((0*t)=0)))
((((0*t)=0)->(((0*t)=0)->((0*t)=0)))->((((0*t)=0)->((((0*t)=0)->((0*t)=0))->((0*t)=0)))->(((0*t)=0)->((0*t)=0))))
((((0*t)=0)->((((0*t)=0)->((0*t)=0))->((0*t)=0)))->(((0*t)=0)->((0*t)=0)))
(((0*t)=0)->((((0*t)=0)->((0*t)=0))->((0*t)=0)))
(((0*t)=0)->((0*t)=0))
(@t1795468206((@r1795468206((@s1795468206(((t1795468206=r1795468206)->((r1795468206=s1795468206)->(t1795468206=s1795468206)))))))))
((@t1795468206((@r1795468206((@s1795468206(((t1795468206=r1795468206)->((r1795468206=s1795468206)->(t1795468206=s1795468206)))))))))->(((0*t)=0)->(@t1795468206((@r1795468206((@s1795468206(((t1795468206=r1795468206)->((r1795468206=s1795468206)->(t1795468206=s1795468206)))))))))))
(((0*t)=0)->(@t1795468206((@r1795468206((@s1795468206(((t1795468206=r1795468206)->((r1795468206=s1795468206)->(t1795468206=s1795468206))))))))))
((@t1795468206((@r1795468206((@s1795468206(((t1795468206=r1795468206)->((r1795468206=s1795468206)->(t1795468206=s1795468206)))))))))->(@r1795468206((@s1795468206(((((0*t)+0)=r1795468206)->((r1795468206=s1795468206)->(((0*t)+0)=s1795468206))))))))
(((@t1795468206((@r1795468206((@s1795468206(((t1795468206=r1795468206)->((r1795468206=s1795468206)->(t1795468206=s1795468206)))))))))->(@r1795468206((@s1795468206(((((0*t)+0)=r1795468206)->((r1795468206=s1795468206)->(((0*t)+0)=s1795468206))))))))->(((0*t)=0)->((@t1795468206((@r1795468206((@s1795468206(((t1795468206=r1795468206)->((r1795468206=s1795468206)->(t1795468206=s1795468206)))))))))->(@r1795468206((@s1795468206(((((0*t)+0)=r1795468206)->((r1795468206=s1795468206)->(((0*t)+0)=s1795468206))))))))))
(((0*t)=0)->((@t1795468206((@r1795468206((@s1795468206(((t1795468206=r1795468206)->((r1795468206=s1795468206)->(t1795468206=s1795468206)))))))))->(@r1795468206((@s1795468206(((((0*t)+0)=r1795468206)->((r1795468206=s1795468206)->(((0*t)+0)=s1795468206)))))))))
((((0*t)=0)->(@t1795468206((@r1795468206((@s1795468206(((t1795468206=r1795468206)->((r1795468206=s1795468206)->(t1795468206=s1795468206))))))))))->((((0*t)=0)->((@t1795468206((@r1795468206((@s1795468206(((t1795468206=r1795468206)->((r1795468206=s1795468206)->(t1795468206=s1795468206)))))))))->(@r1795468206((@s1795468206(((((0*t)+0)=r1795468206)->((r1795468206=s1795468206)->(((0*t)+0)=s1795468206)))))))))->(((0*t)=0)->(@r1795468206((@s1795468206(((((0*t)+0)=r1795468206)->((r1795468206=s1795468206)->(((0*t)+0)=s1795468206))))))))))
((((0*t)=0)->((@t1795468206((@r1795468206((@s1795468206(((t1795468206=r1795468206)->((r1795468206=s1795468206)->(t1795468206=s1795468206)))))))))->(@r1795468206((@s1795468206(((((0*t)+0)=r1795468206)->((r1795468206=s1795468206)->(((0*t)+0)=s1795468206)))))))))->(((0*t)=0)->(@r1795468206((@s1795468206(((((0*t)+0)=r1795468206)->((r1795468206=s1795468206)->(((0*t)+0)=s1795468206)))))))))
(((0*t)=0)->(@r1795468206((@s1795468206(((((0*t)+0)=r1795468206)->((r1795468206=s1795468206)->(((0*t)+0)=s1795468206))))))))
((((0*t)=0)->(@t1795468206((@r1795468206((@s1795468206(((t1795468206=r1795468206)->((r1795468206=s1795468206)->(t1795468206=s1795468206))))))))))->((((0*t)=0)->((@t1795468206((@r1795468206((@s1795468206(((t1795468206=r1795468206)->((r1795468206=s1795468206)->(t1795468206=s1795468206)))))))))->(@r1795468206((@s1795468206(((((0*t)+0)=r1795468206)->((r1795468206=s1795468206)->(((0*t)+0)=s1795468206)))))))))->(((0*t)=0)->(@r1795468206((@s1795468206(((((0*t)+0)=r1795468206)->((r1795468206=s1795468206)->(((0*t)+0)=s1795468206))))))))))
((((0*t)=0)->((@t1795468206((@r1795468206((@s1795468206(((t1795468206=r1795468206)->((r1795468206=s1795468206)->(t1795468206=s1795468206)))))))))->(@r1795468206((@s1795468206(((((0*t)+0)=r1795468206)->((r1795468206=s1795468206)->(((0*t)+0)=s1795468206)))))))))->(((0*t)=0)->(@r1795468206((@s1795468206(((((0*t)+0)=r1795468206)->((r1795468206=s1795468206)->(((0*t)+0)=s1795468206)))))))))
(((0*t)=0)->(@r1795468206((@s1795468206(((((0*t)+0)=r1795468206)->((r1795468206=s1795468206)->(((0*t)+0)=s1795468206))))))))
((@r1795468206((@s1795468206(((((0*t)+0)=r1795468206)->((r1795468206=s1795468206)->(((0*t)+0)=s1795468206)))))))->(@s1795468206(((((0*t)+0)=(0*t))->(((0*t)=s1795468206)->(((0*t)+0)=s1795468206))))))
(((@r1795468206((@s1795468206(((((0*t)+0)=r1795468206)->((r1795468206=s1795468206)->(((0*t)+0)=s1795468206)))))))->(@s1795468206(((((0*t)+0)=(0*t))->(((0*t)=s1795468206)->(((0*t)+0)=s1795468206))))))->(((0*t)=0)->((@r1795468206((@s1795468206(((((0*t)+0)=r1795468206)->((r1795468206=s1795468206)->(((0*t)+0)=s1795468206)))))))->(@s1795468206(((((0*t)+0)=(0*t))->(((0*t)=s1795468206)->(((0*t)+0)=s1795468206))))))))
(((0*t)=0)->((@r1795468206((@s1795468206(((((0*t)+0)=r1795468206)->((r1795468206=s1795468206)->(((0*t)+0)=s1795468206)))))))->(@s1795468206(((((0*t)+0)=(0*t))->(((0*t)=s1795468206)->(((0*t)+0)=s1795468206)))))))
((((0*t)=0)->(@r1795468206((@s1795468206(((((0*t)+0)=r1795468206)->((r1795468206=s1795468206)->(((0*t)+0)=s1795468206))))))))->((((0*t)=0)->((@r1795468206((@s1795468206(((((0*t)+0)=r1795468206)->((r1795468206=s1795468206)->(((0*t)+0)=s1795468206)))))))->(@s1795468206(((((0*t)+0)=(0*t))->(((0*t)=s1795468206)->(((0*t)+0)=s1795468206)))))))->(((0*t)=0)->(@s1795468206(((((0*t)+0)=(0*t))->(((0*t)=s1795468206)->(((0*t)+0)=s1795468206))))))))
((((0*t)=0)->((@r1795468206((@s1795468206(((((0*t)+0)=r1795468206)->((r1795468206=s1795468206)->(((0*t)+0)=s1795468206)))))))->(@s1795468206(((((0*t)+0)=(0*t))->(((0*t)=s1795468206)->(((0*t)+0)=s1795468206)))))))->(((0*t)=0)->(@s1795468206(((((0*t)+0)=(0*t))->(((0*t)=s1795468206)->(((0*t)+0)=s1795468206)))))))
(((0*t)=0)->(@s1795468206(((((0*t)+0)=(0*t))->(((0*t)=s1795468206)->(((0*t)+0)=s1795468206))))))
((((0*t)=0)->(@r1795468206((@s1795468206(((((0*t)+0)=r1795468206)->((r1795468206=s1795468206)->(((0*t)+0)=s1795468206))))))))->((((0*t)=0)->((@r1795468206((@s1795468206(((((0*t)+0)=r1795468206)->((r1795468206=s1795468206)->(((0*t)+0)=s1795468206)))))))->(@s1795468206(((((0*t)+0)=(0*t))->(((0*t)=s1795468206)->(((0*t)+0)=s1795468206)))))))->(((0*t)=0)->(@s1795468206(((((0*t)+0)=(0*t))->(((0*t)=s1795468206)->(((0*t)+0)=s1795468206))))))))
((((0*t)=0)->((@r1795468206((@s1795468206(((((0*t)+0)=r1795468206)->((r1795468206=s1795468206)->(((0*t)+0)=s1795468206)))))))->(@s1795468206(((((0*t)+0)=(0*t))->(((0*t)=s1795468206)->(((0*t)+0)=s1795468206)))))))->(((0*t)=0)->(@s1795468206(((((0*t)+0)=(0*t))->(((0*t)=s1795468206)->(((0*t)+0)=s1795468206)))))))
(((0*t)=0)->(@s1795468206(((((0*t)+0)=(0*t))->(((0*t)=s1795468206)->(((0*t)+0)=s1795468206))))))
((@s1795468206(((((0*t)+0)=(0*t))->(((0*t)=s1795468206)->(((0*t)+0)=s1795468206)))))->((((0*t)+0)=(0*t))->(((0*t)=0)->(((0*t)+0)=0))))
(((@s1795468206(((((0*t)+0)=(0*t))->(((0*t)=s1795468206)->(((0*t)+0)=s1795468206)))))->((((0*t)+0)=(0*t))->(((0*t)=0)->(((0*t)+0)=0))))->(((0*t)=0)->((@s1795468206(((((0*t)+0)=(0*t))->(((0*t)=s1795468206)->(((0*t)+0)=s1795468206)))))->((((0*t)+0)=(0*t))->(((0*t)=0)->(((0*t)+0)=0))))))
(((0*t)=0)->((@s1795468206(((((0*t)+0)=(0*t))->(((0*t)=s1795468206)->(((0*t)+0)=s1795468206)))))->((((0*t)+0)=(0*t))->(((0*t)=0)->(((0*t)+0)=0)))))
((((0*t)=0)->(@s1795468206(((((0*t)+0)=(0*t))->(((0*t)=s1795468206)->(((0*t)+0)=s1795468206))))))->((((0*t)=0)->((@s1795468206(((((0*t)+0)=(0*t))->(((0*t)=s1795468206)->(((0*t)+0)=s1795468206)))))->((((0*t)+0)=(0*t))->(((0*t)=0)->(((0*t)+0)=0)))))->(((0*t)=0)->((((0*t)+0)=(0*t))->(((0*t)=0)->(((0*t)+0)=0))))))
((((0*t)=0)->((@s1795468206(((((0*t)+0)=(0*t))->(((0*t)=s1795468206)->(((0*t)+0)=s1795468206)))))->((((0*t)+0)=(0*t))->(((0*t)=0)->(((0*t)+0)=0)))))->(((0*t)=0)->((((0*t)+0)=(0*t))->(((0*t)=0)->(((0*t)+0)=0)))))
(((0*t)=0)->((((0*t)+0)=(0*t))->(((0*t)=0)->(((0*t)+0)=0))))
((((0*t)=0)->(((0*t)+0)=(0*t)))->((((0*t)=0)->((((0*t)+0)=(0*t))->(((0*t)=0)->(((0*t)+0)=0))))->(((0*t)=0)->(((0*t)=0)->(((0*t)+0)=0)))))
((((0*t)=0)->((((0*t)+0)=(0*t))->(((0*t)=0)->(((0*t)+0)=0))))->(((0*t)=0)->(((0*t)=0)->(((0*t)+0)=0))))
(((0*t)=0)->(((0*t)=0)->(((0*t)+0)=0)))
((((0*t)=0)->((0*t)=0))->((((0*t)=0)->(((0*t)=0)->(((0*t)+0)=0)))->(((0*t)=0)->(((0*t)+0)=0))))
((((0*t)=0)->(((0*t)=0)->(((0*t)+0)=0)))->(((0*t)=0)->(((0*t)+0)=0)))
(((0*t)=0)->(((0*t)+0)=0))
((0*t')=((0*t)+0))
(((0*t')=((0*t)+0))->(((0*t)=0)->((0*t')=((0*t)+0))))
(((0*t)=0)->((0*t')=((0*t)+0)))
(@t1795468206((@r1795468206((@s1795468206(((t1795468206=r1795468206)->((r1795468206=s1795468206)->(t1795468206=s1795468206)))))))))
((@t1795468206((@r1795468206((@s1795468206(((t1795468206=r1795468206)->((r1795468206=s1795468206)->(t1795468206=s1795468206)))))))))->(((0*t)=0)->(@t1795468206((@r1795468206((@s1795468206(((t1795468206=r1795468206)->((r1795468206=s1795468206)->(t1795468206=s1795468206)))))))))))
(((0*t)=0)->(@t1795468206((@r1795468206((@s1795468206(((t1795468206=r1795468206)->((r1795468206=s1795468206)->(t1795468206=s1795468206))))))))))
((@t1795468206((@r1795468206((@s1795468206(((t1795468206=r1795468206)->((r1795468206=s1795468206)->(t1795468206=s1795468206)))))))))->(@r1795468206((@s1795468206((((0*t')=r1795468206)->((r1795468206=s1795468206)->((0*t')=s1795468206))))))))
(((@t1795468206((@r1795468206((@s1795468206(((t1795468206=r1795468206)->((r1795468206=s1795468206)->(t1795468206=s1795468206)))))))))->(@r1795468206((@s1795468206((((0*t')=r1795468206)->((r1795468206=s1795468206)->((0*t')=s1795468206))))))))->(((0*t)=0)->((@t1795468206((@r1795468206((@s1795468206(((t1795468206=r1795468206)->((r1795468206=s1795468206)->(t1795468206=s1795468206)))))))))->(@r1795468206((@s1795468206((((0*t')=r1795468206)->((r1795468206=s1795468206)->((0*t')=s1795468206))))))))))
(((0*t)=0)->((@t1795468206((@r1795468206((@s1795468206(((t1795468206=r1795468206)->((r1795468206=s1795468206)->(t1795468206=s1795468206)))))))))->(@r1795468206((@s1795468206((((0*t')=r1795468206)->((r1795468206=s1795468206)->((0*t')=s1795468206)))))))))
((((0*t)=0)->(@t1795468206((@r1795468206((@s1795468206(((t1795468206=r1795468206)->((r1795468206=s1795468206)->(t1795468206=s1795468206))))))))))->((((0*t)=0)->((@t1795468206((@r1795468206((@s1795468206(((t1795468206=r1795468206)->((r1795468206=s1795468206)->(t1795468206=s1795468206)))))))))->(@r1795468206((@s1795468206((((0*t')=r1795468206)->((r1795468206=s1795468206)->((0*t')=s1795468206)))))))))->(((0*t)=0)->(@r1795468206((@s1795468206((((0*t')=r1795468206)->((r1795468206=s1795468206)->((0*t')=s1795468206))))))))))
((((0*t)=0)->((@t1795468206((@r1795468206((@s1795468206(((t1795468206=r1795468206)->((r1795468206=s1795468206)->(t1795468206=s1795468206)))))))))->(@r1795468206((@s1795468206((((0*t')=r1795468206)->((r1795468206=s1795468206)->((0*t')=s1795468206)))))))))->(((0*t)=0)->(@r1795468206((@s1795468206((((0*t')=r1795468206)->((r1795468206=s1795468206)->((0*t')=s1795468206)))))))))
(((0*t)=0)->(@r1795468206((@s1795468206((((0*t')=r1795468206)->((r1795468206=s1795468206)->((0*t')=s1795468206))))))))
((((0*t)=0)->(@t1795468206((@r1795468206((@s1795468206(((t1795468206=r1795468206)->((r1795468206=s1795468206)->(t1795468206=s1795468206))))))))))->((((0*t)=0)->((@t1795468206((@r1795468206((@s1795468206(((t1795468206=r1795468206)->((r1795468206=s1795468206)->(t1795468206=s1795468206)))))))))->(@r1795468206((@s1795468206((((0*t')=r1795468206)->((r1795468206=s1795468206)->((0*t')=s1795468206)))))))))->(((0*t)=0)->(@r1795468206((@s1795468206((((0*t')=r1795468206)->((r1795468206=s1795468206)->((0*t')=s1795468206))))))))))
((((0*t)=0)->((@t1795468206((@r1795468206((@s1795468206(((t1795468206=r1795468206)->((r1795468206=s1795468206)->(t1795468206=s1795468206)))))))))->(@r1795468206((@s1795468206((((0*t')=r1795468206)->((r1795468206=s1795468206)->((0*t')=s1795468206)))))))))->(((0*t)=0)->(@r1795468206((@s1795468206((((0*t')=r1795468206)->((r1795468206=s1795468206)->((0*t')=s1795468206)))))))))
(((0*t)=0)->(@r1795468206((@s1795468206((((0*t')=r1795468206)->((r1795468206=s1795468206)->((0*t')=s1795468206))))))))
((@r1795468206((@s1795468206((((0*t')=r1795468206)->((r1795468206=s1795468206)->((0*t')=s1795468206)))))))->(@s1795468206((((0*t')=((0*t)+0))->((((0*t)+0)=s1795468206)->((0*t')=s1795468206))))))
(((@r1795468206((@s1795468206((((0*t')=r1795468206)->((r1795468206=s1795468206)->((0*t')=s1795468206)))))))->(@s1795468206((((0*t')=((0*t)+0))->((((0*t)+0)=s1795468206)->((0*t')=s1795468206))))))->(((0*t)=0)->((@r1795468206((@s1795468206((((0*t')=r1795468206)->((r1795468206=s1795468206)->((0*t')=s1795468206)))))))->(@s1795468206((((0*t')=((0*t)+0))->((((0*t)+0)=s1795468206)->((0*t')=s1795468206))))))))
(((0*t)=0)->((@r1795468206((@s1795468206((((0*t')=r1795468206)->((r1795468206=s1795468206)->((0*t')=s1795468206)))))))->(@s1795468206((((0*t')=((0*t)+0))->((((0*t)+0)=s1795468206)->((0*t')=s1795468206)))))))
((((0*t)=0)->(@r1795468206((@s1795468206((((0*t')=r1795468206)->((r1795468206=s1795468206)->((0*t')=s1795468206))))))))->((((0*t)=0)->((@r1795468206((@s1795468206((((0*t')=r1795468206)->((r1795468206=s1795468206)->((0*t')=s1795468206)))))))->(@s1795468206((((0*t')=((0*t)+0))->((((0*t)+0)=s1795468206)->((0*t')=s1795468206)))))))->(((0*t)=0)->(@s1795468206((((0*t')=((0*t)+0))->((((0*t)+0)=s1795468206)->((0*t')=s1795468206))))))))
((((0*t)=0)->((@r1795468206((@s1795468206((((0*t')=r1795468206)->((r1795468206=s1795468206)->((0*t')=s1795468206)))))))->(@s1795468206((((0*t')=((0*t)+0))->((((0*t)+0)=s1795468206)->((0*t')=s1795468206)))))))->(((0*t)=0)->(@s1795468206((((0*t')=((0*t)+0))->((((0*t)+0)=s1795468206)->((0*t')=s1795468206)))))))
(((0*t)=0)->(@s1795468206((((0*t')=((0*t)+0))->((((0*t)+0)=s1795468206)->((0*t')=s1795468206))))))
((((0*t)=0)->(@r1795468206((@s1795468206((((0*t')=r1795468206)->((r1795468206=s1795468206)->((0*t')=s1795468206))))))))->((((0*t)=0)->((@r1795468206((@s1795468206((((0*t')=r1795468206)->((r1795468206=s1795468206)->((0*t')=s1795468206)))))))->(@s1795468206((((0*t')=((0*t)+0))->((((0*t)+0)=s1795468206)->((0*t')=s1795468206)))))))->(((0*t)=0)->(@s1795468206((((0*t')=((0*t)+0))->((((0*t)+0)=s1795468206)->((0*t')=s1795468206))))))))
((((0*t)=0)->((@r1795468206((@s1795468206((((0*t')=r1795468206)->((r1795468206=s1795468206)->((0*t')=s1795468206)))))))->(@s1795468206((((0*t')=((0*t)+0))->((((0*t)+0)=s1795468206)->((0*t')=s1795468206)))))))->(((0*t)=0)->(@s1795468206((((0*t')=((0*t)+0))->((((0*t)+0)=s1795468206)->((0*t')=s1795468206)))))))
(((0*t)=0)->(@s1795468206((((0*t')=((0*t)+0))->((((0*t)+0)=s1795468206)->((0*t')=s1795468206))))))
((@s1795468206((((0*t')=((0*t)+0))->((((0*t)+0)=s1795468206)->((0*t')=s1795468206)))))->(((0*t')=((0*t)+0))->((((0*t)+0)=0)->((0*t')=0))))
(((@s1795468206((((0*t')=((0*t)+0))->((((0*t)+0)=s1795468206)->((0*t')=s1795468206)))))->(((0*t')=((0*t)+0))->((((0*t)+0)=0)->((0*t')=0))))->(((0*t)=0)->((@s1795468206((((0*t')=((0*t)+0))->((((0*t)+0)=s1795468206)->((0*t')=s1795468206)))))->(((0*t')=((0*t)+0))->((((0*t)+0)=0)->((0*t')=0))))))
(((0*t)=0)->((@s1795468206((((0*t')=((0*t)+0))->((((0*t)+0)=s1795468206)->((0*t')=s1795468206)))))->(((0*t')=((0*t)+0))->((((0*t)+0)=0)->((0*t')=0)))))
((((0*t)=0)->(@s1795468206((((0*t')=((0*t)+0))->((((0*t)+0)=s1795468206)->((0*t')=s1795468206))))))->((((0*t)=0)->((@s1795468206((((0*t')=((0*t)+0))->((((0*t)+0)=s1795468206)->((0*t')=s1795468206)))))->(((0*t')=((0*t)+0))->((((0*t)+0)=0)->((0*t')=0)))))->(((0*t)=0)->(((0*t')=((0*t)+0))->((((0*t)+0)=0)->((0*t')=0))))))
((((0*t)=0)->((@s1795468206((((0*t')=((0*t)+0))->((((0*t)+0)=s1795468206)->((0*t')=s1795468206)))))->(((0*t')=((0*t)+0))->((((0*t)+0)=0)->((0*t')=0)))))->(((0*t)=0)->(((0*t')=((0*t)+0))->((((0*t)+0)=0)->((0*t')=0)))))
(((0*t)=0)->(((0*t')=((0*t)+0))->((((0*t)+0)=0)->((0*t')=0))))
((((0*t)=0)->((0*t')=((0*t)+0)))->((((0*t)=0)->(((0*t')=((0*t)+0))->((((0*t)+0)=0)->((0*t')=0))))->(((0*t)=0)->((((0*t)+0)=0)->((0*t')=0)))))
((((0*t)=0)->(((0*t')=((0*t)+0))->((((0*t)+0)=0)->((0*t')=0))))->(((0*t)=0)->((((0*t)+0)=0)->((0*t')=0))))
(((0*t)=0)->((((0*t)+0)=0)->((0*t')=0)))
((((0*t)=0)->(((0*t)+0)=0))->((((0*t)=0)->((((0*t)+0)=0)->((0*t')=0)))->(((0*t)=0)->((0*t')=0))))
((((0*t)=0)->((((0*t)+0)=0)->((0*t')=0)))->(((0*t)=0)->((0*t')=0)))
(((0*t)=0)->((0*t')=0))
((0*0)=0)
(((0*t)=0)->((0*t')=0))
((0+0)=0)
((((0*t)=0)->((0*t')=0))->(((0+0)=0)->(((0*t)=0)->((0*t')=0))))
(((0*t)=0)->((0*t')=0))
(((0+0)=0)->(((0*t)=0)->((0*t')=0)))
(((0+0)=0)->(@t((((0*t)=0)->((0*t')=0)))))
(@t((((0*t)=0)->((0*t')=0))))
(((0*0)=0)->((@t((((0*t)=0)->((0*t')=0))))->(((0*0)=0)&(@t((((0*t)=0)->((0*t')=0)))))))
((@t((((0*t)=0)->((0*t')=0))))->(((0*0)=0)&(@t((((0*t)=0)->((0*t')=0))))))
(((0*0)=0)&(@t((((0*t)=0)->((0*t')=0)))))
((((0*0)=0)&(@t((((0*t)=0)->((0*t')=0)))))->((0*t)=0))
((0*t)=0)
197
